[2023-10-10 18:20:16,541] multiqc                                            [DEBUG  ]  This is MultiQC v1.12
[2023-10-10 18:20:16,541] multiqc                                            [DEBUG  ]  No MultiQC config found: /usr/lib/python3/dist-packages/multiqc_config.yaml
[2023-10-10 18:20:16,541] multiqc                                            [DEBUG  ]  No MultiQC config found: /home/nikolay/.multiqc_config.yaml
[2023-10-10 18:20:16,541] multiqc                                            [DEBUG  ]  No MultiQC config found: multiqc_config.yaml
[2023-10-10 18:20:16,541] multiqc                                            [DEBUG  ]  Command used: /usr/bin/multiqc quality_check trimmed -o quality_check
[2023-10-10 18:20:17,086] multiqc                                            [WARNING]  MultiQC Version v1.16 now available!
[2023-10-10 18:20:17,086] multiqc                                            [DEBUG  ]  Command     : /usr/bin/multiqc quality_check trimmed -o quality_check
[2023-10-10 18:20:17,086] multiqc                                            [DEBUG  ]  Working dir : /home/nikolay/BioGen/project
[2023-10-10 18:20:17,086] multiqc                                            [DEBUG  ]  Template    : default
[2023-10-10 18:20:17,086] multiqc                                            [DEBUG  ]  Running Python 3.10.12 (main, Jun 11 2023, 05:26:28) [GCC 11.4.0]
[2023-10-10 18:20:17,087] multiqc                                            [DEBUG  ]  Analysing modules: custom_content, ccs, ngsderive, purple, conpair, lima, peddy, somalier, methylQA, mosdepth, phantompeakqualtools, qualimap, preseq, quast, qorts, rna_seqc, rockhopper, rsem, rseqc, busco, bustools, goleft_indexcov, gffcompare, disambiguate, supernova, deeptools, sargasso, verifybamid, mirtrace, happy, mirtop, sambamba, homer, hops, macs2, theta2, snpeff, gatk, htseq, bcftools, featureCounts, fgbio, dragen, dedup, pbmarkdup, damageprofiler, biobambam2, jcvi, mtnucratio, picard, vep, sentieon, prokka, qc3C, nanostat, samblaster, samtools, sexdeterrmine, eigenstratdatabasetools, bamtools, jellyfish, vcftools, longranger, stacks, varscan2, snippy, bbmap, bismark, biscuit, hicexplorer, hicup, hicpro, salmon, kallisto, slamdunk, star, hisat2, tophat, bowtie2, bowtie1, snpsplit, odgi, pangolin, kat, leehom, adapterRemoval, clipandmerge, cutadapt, flexbar, kaiju, kraken, malt, trimmomatic, sickle, skewer, sortmerna, biobloomtools, fastq_screen, afterqc, fastp, fastqc, pychopper, pycoqc, minionqc, multivcfanalyzer, clusterflow, checkqc, bcl2fastq, bclconvert, interop, ivar, flash, seqyclean, optitype, whatshap
[2023-10-10 18:20:17,087] multiqc                                            [DEBUG  ]  Using temporary directory for creating report: /tmp/tmp01rxaghj
[2023-10-10 18:20:17,087] multiqc                                            [INFO   ]  Search path : /home/nikolay/BioGen/project/quality_check
[2023-10-10 18:20:17,087] multiqc                                            [INFO   ]  Search path : /home/nikolay/BioGen/project/trimmed
[2023-10-10 18:20:17,119] multiqc                                            [DEBUG  ]  File ignored by ccs/v4 because it exceeded search pattern filesize limit: SRR12905311.fastp.html
[2023-10-10 18:20:17,120] multiqc                                            [DEBUG  ]  File ignored by hicexplorer because it exceeded search pattern filesize limit: SRR12905311.fastp.html
[2023-10-10 18:20:17,120] multiqc                                            [DEBUG  ]  File ignored by lima/summary because it exceeded search pattern filesize limit: SRR12905311.fastp.html
[2023-10-10 18:20:17,122] multiqc                                            [DEBUG  ]  File ignored by vep/vep_txt because it exceeded search pattern filesize limit: SRR12905311.fastp.html
[2023-10-10 18:20:17,122] multiqc                                            [DEBUG  ]  File ignored by longranger/invocation because it exceeded search pattern filesize limit: SRR12905311.fastp.html
[2023-10-10 18:20:17,196] multiqc                                            [DEBUG  ]  File ignored by nanostat because it exceeded search pattern filesize limit: SRR12905311.fastp.html
[2023-10-10 18:20:17,203] multiqc                                            [DEBUG  ]  File ignored by ccs/v4 because it exceeded search pattern filesize limit: SRR12905311_1_fastqc.html
[2023-10-10 18:20:17,203] multiqc                                            [DEBUG  ]  File ignored by hicexplorer because it exceeded search pattern filesize limit: SRR12905311_1_fastqc.html
[2023-10-10 18:20:17,203] multiqc                                            [DEBUG  ]  File ignored by lima/summary because it exceeded search pattern filesize limit: SRR12905311_1_fastqc.html
[2023-10-10 18:20:17,204] multiqc                                            [DEBUG  ]  File ignored by vep/vep_txt because it exceeded search pattern filesize limit: SRR12905311_1_fastqc.html
[2023-10-10 18:20:17,204] multiqc                                            [DEBUG  ]  File ignored by longranger/invocation because it exceeded search pattern filesize limit: SRR12905311_1_fastqc.html
[2023-10-10 18:20:17,204] multiqc                                            [DEBUG  ]  File ignored by rockhopper because it exceeded search pattern filesize limit: SRR12905311_1_fastqc.html
[2023-10-10 18:20:17,204] multiqc                                            [DEBUG  ]  File ignored by rseqc/bam_stat because it exceeded search pattern filesize limit: SRR12905311_1_fastqc.html
[2023-10-10 18:20:17,204] multiqc                                            [DEBUG  ]  File ignored by rseqc/junction_annotation because it exceeded search pattern filesize limit: SRR12905311_1_fastqc.html
[2023-10-10 18:20:17,204] multiqc                                            [DEBUG  ]  File ignored by rseqc/read_distribution because it exceeded search pattern filesize limit: SRR12905311_1_fastqc.html
[2023-10-10 18:20:17,204] multiqc                                            [DEBUG  ]  File ignored by rseqc/infer_experiment because it exceeded search pattern filesize limit: SRR12905311_1_fastqc.html
[2023-10-10 18:20:17,236] multiqc                                            [DEBUG  ]  File ignored by nanostat because it exceeded search pattern filesize limit: SRR12905311_1_fastqc.html
[2023-10-10 18:20:17,240] multiqc                                            [DEBUG  ]  File ignored by ccs/v4 because it exceeded search pattern filesize limit: SRR12905311_2_fastqc.html
[2023-10-10 18:20:17,240] multiqc                                            [DEBUG  ]  File ignored by hicexplorer because it exceeded search pattern filesize limit: SRR12905311_2_fastqc.html
[2023-10-10 18:20:17,240] multiqc                                            [DEBUG  ]  File ignored by lima/summary because it exceeded search pattern filesize limit: SRR12905311_2_fastqc.html
[2023-10-10 18:20:17,241] multiqc                                            [DEBUG  ]  File ignored by vep/vep_txt because it exceeded search pattern filesize limit: SRR12905311_2_fastqc.html
[2023-10-10 18:20:17,241] multiqc                                            [DEBUG  ]  File ignored by longranger/invocation because it exceeded search pattern filesize limit: SRR12905311_2_fastqc.html
[2023-10-10 18:20:17,241] multiqc                                            [DEBUG  ]  File ignored by rockhopper because it exceeded search pattern filesize limit: SRR12905311_2_fastqc.html
[2023-10-10 18:20:17,242] multiqc                                            [DEBUG  ]  File ignored by rseqc/bam_stat because it exceeded search pattern filesize limit: SRR12905311_2_fastqc.html
[2023-10-10 18:20:17,242] multiqc                                            [DEBUG  ]  File ignored by rseqc/junction_annotation because it exceeded search pattern filesize limit: SRR12905311_2_fastqc.html
[2023-10-10 18:20:17,242] multiqc                                            [DEBUG  ]  File ignored by rseqc/read_distribution because it exceeded search pattern filesize limit: SRR12905311_2_fastqc.html
[2023-10-10 18:20:17,242] multiqc                                            [DEBUG  ]  File ignored by rseqc/infer_experiment because it exceeded search pattern filesize limit: SRR12905311_2_fastqc.html
[2023-10-10 18:20:17,273] multiqc                                            [DEBUG  ]  File ignored by nanostat because it exceeded search pattern filesize limit: SRR12905311_2_fastqc.html
[2023-10-10 18:20:17,275] multiqc                                            [DEBUG  ]  Ignoring file as matched an ignore pattern: SRR12905311_1.fastq.gz
[2023-10-10 18:20:17,275] multiqc                                            [DEBUG  ]  Ignoring file as matched an ignore pattern: SRR12905311_2.fastq.gz
[2023-10-10 18:20:17,697] multiqc.plots.bargraph                             [DEBUG  ]  Using matplotlib version 3.5.1
[2023-10-10 18:20:17,698] multiqc.plots.linegraph                            [DEBUG  ]  Using matplotlib version 3.5.1
[2023-10-10 18:20:17,706] multiqc.modules.fastp.fastp                        [INFO   ]  Found 1 reports
[2023-10-10 18:20:17,713] multiqc.modules.fastqc.fastqc                      [INFO   ]  Found 2 reports
[2023-10-10 18:20:17,744] multiqc                                            [INFO   ]  Compressing plot data
[2023-10-10 18:20:17,803] multiqc                                            [INFO   ]  Report      : quality_check/multiqc_report.html
[2023-10-10 18:20:17,803] multiqc                                            [INFO   ]  Data        : quality_check/multiqc_data
[2023-10-10 18:20:17,803] multiqc                                            [DEBUG  ]  Moving data file from '/tmp/tmp01rxaghj/multiqc_data' to 'quality_check/multiqc_data'
[2023-10-10 18:20:17,859] multiqc                                            [INFO   ]  MultiQC complete
